<?xml version='1.0' encoding='UTF-8'?>
<testsuite hostname="lanxuan-Legion-Y7000P-IRH8" name="lab0.ListsSuite" tests="10" errors="0" failures="3" skipped="7" time="0.003" timestamp="2025-10-25T15:14:45">
          <properties>
[...]
</properties>
          <testcase classname="lab0.ListsSuite" name="one plus one is two" time="0.0">
                      <skipped/>
                    </testcase><testcase classname="lab0.ListsSuite" name="one plus one is three?" time="0.0">
                      <skipped/>
                    </testcase><testcase classname="lab0.ListsSuite" name="details why one plus one is not three" time="0.0">
                      <skipped/>
                    </testcase><testcase classname="lab0.ListsSuite" name="intNotZero throws an exception if its argument is 0" time="0.0">
                      <skipped/>
                    </testcase><testcase classname="lab0.ListsSuite" name="sum of a few numbers" time="0.0">
                      <skipped/>
                    </testcase><testcase classname="lab0.ListsSuite" name="sum of negative numbers" time="0.0">
                      <skipped/>
                    </testcase><testcase classname="lab0.ListsSuite" name="sum of empty list" time="0.0">
                      <skipped/>
                    </testcase><testcase classname="lab0.ListsSuite" name="max of a few numbers" time="0.003">
                      <failure message="an implementation is missing" type="scala.NotImplementedError">scala.NotImplementedError: an implementation is missing
	at munit.FunSuite.assert(FunSuite.scala:11)
	at lab0.ListsSuite.$init$$$anonfun$8(ListsSuite.scala:114)
</failure>
                    </testcase><testcase classname="lab0.ListsSuite" name="max of negative numbers" time="0.0">
                      <failure message="an implementation is missing" type="scala.NotImplementedError">scala.NotImplementedError: an implementation is missing
	at scala.Predef$.$qmark$qmark$qmark(Predef.scala:344)
	at lab0.Lists$.max(Lists.scala:40)
	at lab0.ListsSuite.$init$$$anonfun$9(ListsSuite.scala:118)
</failure>
                    </testcase><testcase classname="lab0.ListsSuite" name="max of empty list" time="0.0">
                      <failure message="an implementation is missing" type="scala.NotImplementedError">scala.NotImplementedError: an implementation is missing
	at scala.Predef$.$qmark$qmark$qmark(Predef.scala:344)
	at lab0.Lists$.max(Lists.scala:40)
	at lab0.ListsSuite.$init$$$anonfun$10(ListsSuite.scala:122)
</failure>
                    </testcase>
          <system-out><![CDATA[]]></system-out>
          <system-err><![CDATA[]]></system-err>
        </testsuite>