<?xml version='1.0' encoding='UTF-8'?>
<testsuite hostname="lanxuan-Legion-Y7000P-IRH8" name="lab1.RecursionSuite" tests="12" errors="0" failures="0" skipped="0" time="0.009" timestamp="2025-09-24T23:25:32">
          <properties>
[...]
</properties>
          <testcase classname="lab1.RecursionSuite" name="balance: '(if (zero? x) max (/ 1 x))' is balanced" time="0.004">
                      
                    </testcase><testcase classname="lab1.RecursionSuite" name="balance: 'I told him ...' is balanced" time="0.001">
                      
                    </testcase><testcase classname="lab1.RecursionSuite" name="balance: ':-)' is unbalanced" time="0.0">
                      
                    </testcase><testcase classname="lab1.RecursionSuite" name="balance: counting is not enough" time="0.0">
                      
                    </testcase><testcase classname="lab1.RecursionSuite" name="countChange: example given in the guide" time="0.001">
                      
                    </testcase><testcase classname="lab1.RecursionSuite" name="countChange: sorted HKD" time="0.001">
                      
                    </testcase><testcase classname="lab1.RecursionSuite" name="countChange: no pennies" time="0.001">
                      
                    </testcase><testcase classname="lab1.RecursionSuite" name="countChange: unsorted HKD" time="0.001">
                      
                    </testcase><testcase classname="lab1.RecursionSuite" name="pascal: col=0,row=2" time="0.0">
                      
                    </testcase><testcase classname="lab1.RecursionSuite" name="pascal: col=1,row=2" time="0.0">
                      
                    </testcase><testcase classname="lab1.RecursionSuite" name="pascal: col=1,row=3" time="0.0">
                      
                    </testcase><testcase classname="lab1.RecursionSuite" name="pascal: col=3,row=8" time="0.0">
                      
                    </testcase>
          <system-out><![CDATA[]]></system-out>
          <system-err><![CDATA[]]></system-err>
        </testsuite>